<?xml version="1.0" encoding="UTF-8"?>
<!-- Generated by org.testng.reporters.JUnitReportReporter -->
<testsuite skipped="0" hostname="Chowdary" name="flipkart.LoginPageTest" tests="1" failures="0" timestamp="09 Mar 2018 11:23:45 GMT" time="16.756" errors="0">
  <testcase name="verifyLogin" time="16.756" classname="flipkart.LoginPageTest"/>
</testsuite> <!-- flipkart.LoginPageTest -->
